<?xml version="1.0" encoding="UTF-8"?>
<testsuite xmlns:xsi="http://www.w3.org/2001/XMLSchema-instance" xsi:noNamespaceSchemaLocation="https://maven.apache.org/surefire/maven-surefire-plugin/xsd/surefire-test-report.xsd" name="com.zdk.MyBlog.MyBlogApplicationTests" time="5.523" tests="2" errors="0" skipped="0" failures="0">
  <properties>
[...]
</properties>
  <testcase name="test" classname="com.zdk.MyBlog.MyBlogApplicationTests" time="0.14"/>
  <testcase name="contextLoads" classname="com.zdk.MyBlog.MyBlogApplicationTests" time="0.475"/>
</testsuite>